<?xml version="1.0" encoding="UTF-8"?><testrun duration="42" footerText="Generated by IntelliJ IDEA on 22/11/25, 00:03" name="CaravelTest">
    <count name="total" value="11"/>
    <count name="passed" value="11"/>
    <config nameIsGenerated="true" configId="JUnit" name="CaravelTest">
        <module name="Battleship"/>
        <extension name="coverage">
            <pattern>
                <option name="PATTERN" value="iscteiul.ista.battleship.*"/>
                <option name="ENABLED" value="true"/>
            </pattern>
        </extension>
        <option name="PACKAGE_NAME" value="iscteiul.ista.battleship"/>
        <option name="MAIN_CLASS_NAME" value="iscteiul.ista.battleship.CaravelTest"/>
        <option name="TEST_OBJECT" value="class"/>
        <method v="2">
            <option name="Make" enabled="true"/>
        </method>
    </config>
    <root name="Testes - Caravela" comment="iscteiul.ista.battleship" location="java:suite://iscteiul.ista.battleship.CaravelTest">
        <output type="stdout">C:\Users\ASUS\.jdks\corretto-24.0.2\bin\java.exe -javaagent:C:\Users\ASUS\AppData\Local\JetBrains\IntelliJIdea2025.2\captureAgent\debugger-agent.jar=file:///C:/Users/ASUS/AppData/Local/Temp/capture1211212044422670749.props -ea -Didea.test.cyclic.buffer.size=1048576 "-javaagent:C:\Program Files\JetBrains\IntelliJ IDEA 2025.2.1\lib\idea_rt.jar=62169" -Dkotlinx.coroutines.debug.enable.creation.stack.trace=false -Ddebugger.agent.enable.coroutines=true -Dkotlinx.coroutines.debug.enable.flows.stack.trace=true -Dkotlinx.coroutines.debug.enable.mutable.state.flows.stack.trace=true -Dfile.encoding=UTF-8 -Dsun.stdout.encoding=UTF-8 -Dsun.stderr.encoding=UTF-8 -classpath "C:\Users\ASUS\.m2\repository\org\junit\platform\junit-platform-launcher\6.0.0\junit-platform-launcher-6.0.0.jar;C:\Users\ASUS\.m2\repository\org\junit\vintage\junit-vintage-engine\6.0.0\junit-vintage-engine-6.0.0.jar;C:\Program Files\JetBrains\IntelliJ IDEA 2025.2.1\lib\idea_rt.jar;C:\Program Files\JetBrains\IntelliJ IDEA 2025.2.1\plugins\junit\lib\junit6-rt.jar;C:\Program Files\JetBrains\IntelliJ IDEA 2025.2.1\plugins\junit\lib\junit5-rt.jar;C:\Program Files\JetBrains\IntelliJ IDEA 2025.2.1\plugins\junit\lib\junit-rt.jar;C:\Users\ASUS\OneDrive - ISCTE-IUL\Ambiente de Trabalho\Semestre\3 ano, 1 semestre\PCD\Battleship\target\test-classes;C:\Users\ASUS\OneDrive - ISCTE-IUL\Ambiente de Trabalho\Semestre\3 ano, 1 semestre\PCD\Battleship\target\classes;C:\Users\ASUS\.m2\repository\org\junit\jupiter\junit-jupiter\6.0.0\junit-jupiter-6.0.0.jar;C:\Users\ASUS\.m2\repository\org\junit\jupiter\junit-jupiter-api\6.0.0\junit-jupiter-api-6.0.0.jar;C:\Users\ASUS\.m2\repository\org\opentest4j\opentest4j\1.3.0\opentest4j-1.3.0.jar;C:\Users\ASUS\.m2\repository\org\junit\platform\junit-platform-commons\6.0.0\junit-platform-commons-6.0.0.jar;C:\Users\ASUS\.m2\repository\org\apiguardian\apiguardian-api\1.1.2\apiguardian-api-1.1.2.jar;C:\Users\ASUS\.m2\repository\org\jspecify\jspecify\1.0.0\jspecify-1.0.0.jar;C:\Users\ASUS\.m2\repository\org\junit\jupiter\junit-jupiter-params\6.0.0\junit-jupiter-params-6.0.0.jar;C:\Users\ASUS\.m2\repository\org\junit\jupiter\junit-jupiter-engine\6.0.0\junit-jupiter-engine-6.0.0.jar;C:\Users\ASUS\.m2\repository\org\junit\platform\junit-platform-engine\6.0.0\junit-platform-engine-6.0.0.jar;C:\Users\ASUS\.m2\repository\org\apache\logging\log4j\log4j-core\2.25.2\log4j-core-2.25.2.jar;C:\Users\ASUS\.m2\repository\org\apache\logging\log4j\log4j-api\2.25.2\log4j-api-2.25.2.jar;C:\Users\ASUS\.m2\repository\junit\junit\4.13.1\junit-4.13.1.jar;C:\Users\ASUS\.m2\repository\org\hamcrest\hamcrest-core\1.3\hamcrest-core-1.3.jar;C:\Users\ASUS\.m2\repository\io\qameta\allure\allure-java-commons\2.31.0\allure-java-commons-2.31.0.jar;C:\Users\ASUS\.m2\repository\org\slf4j\slf4j-api\2.0.17\slf4j-api-2.0.17.jar;C:\Users\ASUS\.m2\repository\io\qameta\allure\allure-model\2.31.0\allure-model-2.31.0.jar" com.intellij.rt.junit.JUnitStarter -ideVersion5 -junit6 iscteiul.ista.battleship.CaravelTest
Process finished with exit code 0
</output>
    </root>
    <suite duration="34" locationUrl="java:suite://iscteiul.ista.battleship.CaravelTest$FactoryTests" name="Fábrica de navios" status="passed">
        <test duration="21" locationUrl="java:test://iscteiul.ista.battleship.CaravelTest$FactoryTests/buildShipInvalidType" name="Ship.buildShip retorna null ou lança exceção para tipo inválido" metainfo="" status="passed"/>
        <test duration="13" locationUrl="java:test://iscteiul.ista.battleship.CaravelTest$FactoryTests/buildShipFactoryProducesCaravel" name="Ship.buildShip devolve Caravela quando pedida" metainfo="" status="passed"/>
    </suite>
    <suite duration="2" locationUrl="java:suite://iscteiul.ista.battleship.CaravelTest$OrientationAndNegativeShots" name="Orientações EAST/WEST e tiros fora" status="passed">
        <test locationUrl="java:test://iscteiul.ista.battleship.CaravelTest$OrientationAndNegativeShots/westOrientationOccupiesColumns" name="WEST orientation ocupa colunas consecutivas (x, y) e (x, y+1)" metainfo="" status="passed"/>
        <test locationUrl="java:test://iscteiul.ista.battleship.CaravelTest$OrientationAndNegativeShots/eastOrientationOccupiesColumns" name="EAST orientation ocupa colunas consecutivas (x, y) e (x, y+1)" metainfo="" status="passed"/>
        <test duration="2" locationUrl="java:test://iscteiul.ista.battleship.CaravelTest$OrientationAndNegativeShots/shootingOutsideDoesNotMarkHits" name="Atirar fora das posições da Caravela não marca hits" metainfo="" status="passed"/>
    </suite>
    <suite duration="5" locationUrl="java:suite://iscteiul.ista.battleship.CaravelTest$ExceptionsAndValidations" name="Validações e exceções do construtor" status="passed">
        <test duration="2" locationUrl="java:test://iscteiul.ista.battleship.CaravelTest$ExceptionsAndValidations/constructorWithNullPositionThrows" name="Construtor com posição null lança AssertionError" metainfo="" status="passed"/>
        <test duration="1" locationUrl="java:test://iscteiul.ista.battleship.CaravelTest$ExceptionsAndValidations/constructorWithNullBearingThrows" name="Construtor com bearing null lança AssertionError" metainfo="" status="passed"/>
        <test duration="2" locationUrl="java:test://iscteiul.ista.battleship.CaravelTest$ExceptionsAndValidations/constructorNearEdgesDoesNotThrow" name="Construtor com valores perto dos limites do tabuleiro não falha" metainfo="" status="passed"/>
    </suite>
    <suite duration="1" locationUrl="java:suite://iscteiul.ista.battleship.CaravelTest$PositionAndShooting" name="Comportamento de posição e tiros" status="passed">
        <test locationUrl="java:test://iscteiul.ista.battleship.CaravelTest$PositionAndShooting/caravelDoesNotSinkAfterOneHit" name="Caravela não afunda se levar apenas um hit" metainfo="" status="passed"/>
        <test duration="1" locationUrl="java:test://iscteiul.ista.battleship.CaravelTest$PositionAndShooting/caravelOccupiesCorrectPositionsAndHandlesHits" name="Caravela ocupa posições corretas, regista hits e afunda após todos os impactos" metainfo="" status="passed"/>
        <test locationUrl="java:test://iscteiul.ista.battleship.CaravelTest$PositionAndShooting/topBottomLeftRightAreCorrect" name="Métodos top/bottom/left/right retornam valores corretos" metainfo="" status="passed"/>
    </suite>
</testrun>
